[    2382ms] [ERROR] Ignoring duplicate Content-Security-Policy directive 'report-uri'. @ https://www.paypal.com/checkoutnow?atomic-event-state=eyJkb21haW4iOiJzZGtfcGF5cGFsX3Y1IiwiZXZlbnRzIjpbXSwiaW50ZW50IjoiY2xpY2tfcGF5bWVudF9idXR0b24iLCJpbnRlbnRUeXBlIjoiY2xpY2siLCJpbnRlcmFjdGlvblN0YXJ0VGltZSI6MTMyNTQsInRpbWVTdGFtcCI6MTMyNTQsInRpbWVPcmlnaW4iOjE3NzQwMzQwMjA3MDEsInRhc2siOiJzZWxlY3Rfb25lX3RpbWVfY2hlY2tvdXQiLCJmbG93Ijoib25lLXRpbWUtY2hlY2tvdXQiLCJ1aVN0YXRlIjoid2FpdGluZyIsInBhdGgiOiIvc21hcnQvYnV0dG9ucyIsInZpZXdOYW1lIjoicGF5cGFsLXNkayJ9&sessionID=uid_78abb49d31_mtk6mti6mju&buttonSessionID=uid_1af3a73f6d_mtk6mtm6nda&stickinessID=uid_2da4982209_mtg6mzu6ntu&smokeHash=&sign_out_user=false&fundingSource=paypal&buyerCountry=US&locale.x=en_US&commit=true&client-metadata-id=uid_78abb49d31_mtk6mti6mju&standaloneFundingSource=paypal&branded=true&token=EC-37V51251XW043711F&clientID=AYTn_yBdgllfaWzFfAnzhgoXEort-WOVOUswf9BQ8pB-kmoV2aYmhJOTYkaTov1wqWosuQjjI_YH5D_W&env=production&sdkMeta=eyJ1cmwiOiJodHRwczovL3d3dy5wYXlwYWwuY29tL3Nkay9qcz9jb21wb25lbnRzPWJ1dHRvbnMmdmF1bHQ9dHJ1ZSZjbGllbnQtaWQ9QVlUbl95QmRnbGxmYVd6RmZBbnpoZ29YRW9ydC1XT1ZPVXN3ZjlCUThwQi1rbW9WMmFZbWhKT1RZa2FUb3Yxd3FXb3N1UWpqSV9ZSDVEX1cmaW50ZW50PXRva2VuaXplIiwiYXR0cnMiOnsiZGF0YS11aWQiOiJ1aWRfcGl3bWtkdmJkZGh0aGp6aXNna3VzaHZvbXdlamh3In19&country.x=US&xcomponent=1&integration_artifact=PAYPAL_JS_SDK&version=5.0.536&hasShippingCallback=false:0
[    2685ms] [ERROR] Ignoring duplicate Content-Security-Policy directive 'report-uri'. @ https://www.paypal.com/auth/createchallenge/c7108f256cda762a/hcaptchapassive.js?_sessionID=9u4vHXrAPcLutOLpwchqmRPxaU_rSwfD:0
[    3597ms] [ERROR] Ignoring duplicate Content-Security-Policy directive 'report-uri'. @ https://c.paypal.com/da/r/fb_fp.js:0
[    3597ms] [ERROR] Ignoring duplicate Content-Security-Policy directive 'report-uri'. @ https://c.paypal.com/da/r/fb_fp.js:0
[    3700ms] [ERROR] Ignoring duplicate Content-Security-Policy directive 'report-uri'. @ https://www.paypalobjects.com/v15170r-1d3n71ph1c4710n/dfp.js:0
[    3700ms] [ERROR] Ignoring duplicate Content-Security-Policy directive 'report-uri'. @ https://www.paypalobjects.com/v15170r-1d3n71ph1c4710n/dfp.js:0
[    3790ms] [ERROR] Ignoring duplicate Content-Security-Policy directive 'report-uri'. @ https://www.paypalobjects.com/web/res/modularcheckout/_next/static/chunks/3975.6ee7ace91de5f823.js:0
[    3791ms] [ERROR] Ignoring duplicate Content-Security-Policy directive 'report-uri'. @ https://www.paypalobjects.com/web/res/modularcheckout/_next/static/chunks/3975.6ee7ace91de5f823.js:0
[    3802ms] [ERROR] Ignoring duplicate Content-Security-Policy directive 'report-uri'. @ https://www.paypalobjects.com/v15170r-1d3n71ph1c4710n/dfp.js:0
[    4128ms] [ERROR] Ignoring duplicate Content-Security-Policy directive 'report-uri'. @ https://ddbm2.paypal.com/tags.js:1
[    4165ms] [ERROR] Ignoring duplicate Content-Security-Policy directive 'report-uri'. @ about:srcdoc:0
[   22116ms] [ERROR] Ignoring duplicate Content-Security-Policy directive 'report-uri'. @ https://c.paypal.com/da/r/fb_fp.js:0
[   22117ms] [ERROR] Ignoring duplicate Content-Security-Policy directive 'report-uri'. @ https://c.paypal.com/da/r/fb_fp.js:0
[   29219ms] [ERROR] Ignoring duplicate Content-Security-Policy directive 'report-uri'. @ https://www.paypal.com/authflow/challenges/softwareToken/?isModXO=true&state=atomic-event-state%3DeyJkb21haW4iOiJzZGtfcGF5cGFsX3Y1IiwiZXZlbnRzIjpbXSwiaW50ZW50IjoiY2xpY2tfcGF5bWVudF9idXR0b24iLCJpbnRlbnRUeXBlIjoiY2xpY2siLCJpbnRlcmFjdGlvblN0YXJ0VGltZSI6MTMyNTQsInRpbWVTdGFtcCI6MTMyNTQsInRpbWVPcmlnaW4iOjE3NzQwMzQwMjA3MDEsInRhc2siOiJzZWxlY3Rfb25lX3RpbWVfY2hlY2tvdXQiLCJmbG93Ijoib25lLXRpbWUtY2hlY2tvdXQiLCJ1aVN0YXRlIjoid2FpdGluZyIsInBhdGgiOiIvc21hcnQvYnV0dG9ucyIsInZpZXdOYW1lIjoicGF5cGFsLXNkayJ9%26sessionID%3Duid_78abb49d31_mtk6mti6mju%26buttonSessionID%3Duid_1af3a73f6d_mtk6mtm6nda%26stickinessID%3Duid_2da4982209_mtg6mzu6ntu%26smokeHash%3D%26sign_out_user%3Dfalse%26fundingSource%3Dpaypal%26buyerCountry%3DUS%26locale.x%3Den_US%26commit%3Dtrue%26client-metadata-id%3Duid_78abb49d31_mtk6mti6mju%26standaloneFundingSource%3Dpaypal%26branded%3Dtrue%26token%3DBA-68840734TK9529431%26clientID%3DAYTn_yBdgllfaWzFfAnzhgoXEort-WOVOUswf9BQ8pB-kmoV2aYmhJOTYkaTov1wqWosuQjjI_YH5D_W%26env%3Dproduction%26sdkMeta%3DeyJ1cmwiOiJodHRwczovL3d3dy5wYXlwYWwuY29tL3Nkay9qcz9jb21wb25lbnRzPWJ1dHRvbnMmdmF1bHQ9dHJ1ZSZjbGllbnQtaWQ9QVlUbl95QmRnbGxmYVd6RmZBbnpoZ29YRW9ydC1XT1ZPVXN3ZjlCUThwQi1rbW9WMmFZbWhKT1RZa2FUb3Yxd3FXb3N1UWpqSV9ZSDVEX1cmaW50ZW50PXRva2VuaXplIiwiYXR0cnMiOnsiZGF0YS11aWQiOiJ1aWRfcGl3bWtkdmJkZGh0aGp6aXNna3VzaHZvbXdlamh3In19%26country.x%3DUS%26xcomponent%3D1%26integration_artifact%3DPAYPAL_JS_SDK%26version%3D5.0.536%26hasShippingCallback%3Dfalse%26ssrt%3D1774034035774%26ul%3D1%26paypal_client_cfci%3Dmodxo_vaulted_not_recurring-Submit_Password%26ctxId%3D6ba1541f-e8d1-4d22-889a-6b6a8be08347%26ctngcyReturn%3Dtrue&delay=1&onFail=return&locale.x=en_US&country.x=US&returnUri=%2Fpay&source=2faSimplificationDecoupled&flowId=ul&flowContext=2fa&stepupContext=2faAuthflow%3Af14bf43aae60443c9ac7d69d1cc89cba:0
[   29422ms] [ERROR] Ignoring duplicate Content-Security-Policy directive 'report-uri'. @ https://www.paypal.com/auth/createchallenge/0df5cc169184f010/recaptchav3.js?_sessionID=9u4vHXrAPcLutOLpwchqmRPxaU_rSwfD:0
[   29490ms] [ERROR] Ignoring duplicate Content-Security-Policy directive 'report-uri'. @ https://c.paypal.com/da/r/fb_fp.js:0
[   29491ms] [ERROR] Ignoring duplicate Content-Security-Policy directive 'report-uri'. @ https://c.paypal.com/da/r/fb_fp.js:0
[   29508ms] [ERROR] Ignoring duplicate Content-Security-Policy directive 'report-uri'. @ https://ddbm2.paypal.com/tags.js:1
[   29584ms] [WARNING] An iframe which has both allow-scripts and allow-same-origin for its sandbox attribute can escape its sandboxing. @ https://www.paypal.com/auth/recaptcha/grcenterprise_v3.html:0
[   29619ms] [ERROR] Ignoring duplicate Content-Security-Policy directive 'report-uri'. @ about:srcdoc:0
[   43427ms] [ERROR] Ignoring duplicate Content-Security-Policy directive 'report-uri'. @ https://www.paypal.com/pay?atomic-event-state=eyJkb21haW4iOiJzZGtfcGF5cGFsX3Y1IiwiZXZlbnRzIjpbXSwiaW50ZW50IjoiY2xpY2tfcGF5bWVudF9idXR0b24iLCJpbnRlbnRUeXBlIjoiY2xpY2siLCJpbnRlcmFjdGlvblN0YXJ0VGltZSI6MTMyNTQsInRpbWVTdGFtcCI6MTMyNTQsInRpbWVPcmlnaW4iOjE3NzQwMzQwMjA3MDEsInRhc2siOiJzZWxlY3Rfb25lX3RpbWVfY2hlY2tvdXQiLCJmbG93Ijoib25lLXRpbWUtY2hlY2tvdXQiLCJ1aVN0YXRlIjoid2FpdGluZyIsInBhdGgiOiIvc21hcnQvYnV0dG9ucyIsInZpZXdOYW1lIjoicGF5cGFsLXNkayJ9&sessionID=uid_78abb49d31_mtk6mti6mju&buttonSessionID=uid_1af3a73f6d_mtk6mtm6nda&stickinessID=uid_2da4982209_mtg6mzu6ntu&smokeHash=&sign_out_user=false&fundingSource=paypal&buyerCountry=US&locale.x=en_US&commit=true&client-metadata-id=uid_78abb49d31_mtk6mti6mju&standaloneFundingSource=paypal&branded=true&token=BA-68840734TK9529431&clientID=AYTn_yBdgllfaWzFfAnzhgoXEort-WOVOUswf9BQ8pB-kmoV2aYmhJOTYkaTov1wqWosuQjjI_YH5D_W&env=production&sdkMeta=eyJ1cmwiOiJodHRwczovL3d3dy5wYXlwYWwuY29tL3Nkay9qcz9jb21wb25lbnRzPWJ1dHRvbnMmdmF1bHQ9dHJ1ZSZjbGllbnQtaWQ9QVlUbl95QmRnbGxmYVd6RmZBbnpoZ29YRW9ydC1XT1ZPVXN3ZjlCUThwQi1rbW9WMmFZbWhKT1RZa2FUb3Yxd3FXb3N1UWpqSV9ZSDVEX1cmaW50ZW50PXRva2VuaXplIiwiYXR0cnMiOnsiZGF0YS11aWQiOiJ1aWRfcGl3bWtkdmJkZGh0aGp6aXNna3VzaHZvbXdlamh3In19&country.x=US&xcomponent=1&integration_artifact=PAYPAL_JS_SDK&version=5.0.536&hasShippingCallback=false&ssrt=1774034035774&ul=1&paypal_client_cfci=modxo_vaulted_not_recurring-Submit_Password&ctxId=6ba1541f-e8d1-4d22-889a-6b6a8be08347&ctngcyReturn=true:0
[   43660ms] [ERROR] Ignoring duplicate Content-Security-Policy directive 'report-uri'. @ https://www.paypal.com/auth/createchallenge/9b79610ba1f440c3/hcaptchapassive.js?_sessionID=9u4vHXrAPcLutOLpwchqmRPxaU_rSwfD:0
[   44512ms] [WARNING] A preload for 'https://www.paypalobjects.com/web/res/modularcheckout/_next/static/chunks/3631-f6432b33f43e5cc9.js' is found, but is not used because the request credentials mode does not match. Consider taking a look at crossorigin attribute. @ https://www.paypalobjects.com/web/res/modularcheckout/_next/static/chunks/webpack-91fc657bde4107ee.js?dpl=0.430.0_20260320073355127:0
[   44512ms] [WARNING] A preload for 'https://www.paypalobjects.com/web/res/modularcheckout/_next/static/chunks/4225.dc34bf418dfb5fbc.js' is found, but is not used because the request credentials mode does not match. Consider taking a look at crossorigin attribute. @ https://www.paypalobjects.com/web/res/modularcheckout/_next/static/chunks/webpack-91fc657bde4107ee.js?dpl=0.430.0_20260320073355127:0
[   45581ms] [ERROR] Ignoring duplicate Content-Security-Policy directive 'report-uri'. @ https://www.paypalobjects.com/web/res/modularcheckout/_next/static/chunks/3975.6ee7ace91de5f823.js:0
[   45582ms] [ERROR] Ignoring duplicate Content-Security-Policy directive 'report-uri'. @ https://www.paypalobjects.com/web/res/modularcheckout/_next/static/chunks/3975.6ee7ace91de5f823.js:0
[   45632ms] [ERROR] Ignoring duplicate Content-Security-Policy directive 'report-uri'. @ https://ddbm2.paypal.com/tags.js:1
[   45647ms] [ERROR] Ignoring duplicate Content-Security-Policy directive 'report-uri'. @ https://c.paypal.com/da/r/fb_fp.js:0
[   45648ms] [ERROR] Ignoring duplicate Content-Security-Policy directive 'report-uri'. @ https://c.paypal.com/da/r/fb_fp.js:0
[   45670ms] [ERROR] Ignoring duplicate Content-Security-Policy directive 'report-uri'. @ about:srcdoc:0
[   47483ms] [ERROR] Ignoring duplicate Content-Security-Policy directive 'report-uri'. @ https://www.paypalobjects.com/web/res/modularcheckout/_next/static/chunks/ce56524f-a53106a455b21c56.js?dpl=0.430.0_20260320073355127:0
[   47484ms] [ERROR] Ignoring duplicate Content-Security-Policy directive 'report-uri'. @ https://www.paypalobjects.com/web/res/modularcheckout/_next/static/chunks/ce56524f-a53106a455b21c56.js?dpl=0.430.0_20260320073355127:0
[   47695ms] [ERROR] Ignoring duplicate Content-Security-Policy directive 'report-uri'. @ https://www.paypal.com/auth/createchallenge/1bc86863507e4842/recaptchav3.js?_sessionID=9u4vHXrAPcLutOLpwchqmRPxaU_rSwfD:0
[   49016ms] [ERROR] Ignoring duplicate Content-Security-Policy directive 'report-uri'. @ https://c.paypal.com/da/r/fb.js:0
[   49017ms] [ERROR] Ignoring duplicate Content-Security-Policy directive 'report-uri'. @ https://c.paypal.com/da/r/fb.js:0
[   49019ms] [ERROR] Ignoring duplicate Content-Security-Policy directive 'report-uri'. @ https://c.paypal.com/da/r/fb.js:0
