[  245757ms] [ERROR] Failed to load resource: the server responded with a status of 403 () @ https://dash.cloudflare.com/api/v4/accounts/5def4131bcd4c2f86727fd3ba888db1d/access/organizations:0
[  246216ms] [ERROR] Failed to load resource: the server responded with a status of 403 () @ https://dash.cloudflare.com/api/v4/accounts/5def4131bcd4c2f86727fd3ba888db1d/access/organizations:0
[  601110ms] [ERROR] Failed to load resource: the server responded with a status of 403 () @ https://dash.cloudflare.com/api/v4/accounts/5def4131bcd4c2f86727fd3ba888db1d/access/organizations:0
[  601417ms] [ERROR] Failed to load resource: the server responded with a status of 403 () @ https://dash.cloudflare.com/api/v4/accounts/5def4131bcd4c2f86727fd3ba888db1d/access/organizations:0
[  640320ms] [ERROR] Failed to load resource: the server responded with a status of 404 () @ https://dash.cloudflare.com/api/v4/accounts/5def4131bcd4c2f86727fd3ba888db1d/payment-methods:0
[  640481ms] [ERROR] Failed to load resource: the server responded with a status of 404 () @ https://dash.cloudflare.com/api/v4/accounts/5def4131bcd4c2f86727fd3ba888db1d/billing/profile:0
[  640500ms] Object
[  640499ms] [ERROR] Failed to load resource: the server responded with a status of 404 () @ https://dash.cloudflare.com/api/v4/accounts/5def4131bcd4c2f86727fd3ba888db1d/payment-methods:0
[  640640ms] [ERROR] Failed to load resource: the server responded with a status of 404 () @ https://dash.cloudflare.com/api/v4/accounts/5def4131bcd4c2f86727fd3ba888db1d/payment-methods:0
[  640650ms] [ERROR] Failed to load resource: the server responded with a status of 404 () @ https://dash.cloudflare.com/api/v4/accounts/5def4131bcd4c2f86727fd3ba888db1d/billing/profile:0
[  645447ms] [ERROR] Failed to load resource: the server responded with a status of 502 () @ https://dash.cloudflare.com/api/v4/accounts/5def4131bcd4c2f86727fd3ba888db1d/r2/canUnsubscribe:0
[  715457ms] [ERROR] Failed to load resource: the server responded with a status of 404 () @ https://dash.cloudflare.com/api/v4/accounts/5def4131bcd4c2f86727fd3ba888db1d/payment-methods:0
[  715615ms] [ERROR] Failed to load resource: the server responded with a status of 404 () @ https://dash.cloudflare.com/api/v4/accounts/5def4131bcd4c2f86727fd3ba888db1d/payment-methods:0
[  715624ms] [ERROR] Failed to load resource: the server responded with a status of 404 () @ https://dash.cloudflare.com/api/v4/accounts/5def4131bcd4c2f86727fd3ba888db1d/billing/profile:0
[  715815ms] [ERROR] Failed to load resource: the server responded with a status of 404 () @ https://dash.cloudflare.com/api/v4/accounts/5def4131bcd4c2f86727fd3ba888db1d/payment-methods:0
[  715826ms] [ERROR] Failed to load resource: the server responded with a status of 404 () @ https://dash.cloudflare.com/api/v4/accounts/5def4131bcd4c2f86727fd3ba888db1d/billing/profile:0
[  835407ms] [ERROR] Failed to load resource: the server responded with a status of 403 () @ https://dash.cloudflare.com/api/v4/accounts/5def4131bcd4c2f86727fd3ba888db1d/access/organizations:0
[  890587ms] [ERROR] Failed to load resource: the server responded with a status of 404 () @ https://dash.cloudflare.com/api/v4/accounts/5def4131bcd4c2f86727fd3ba888db1d/r2-catalog/arni-test:0
[  890788ms] [ERROR] Failed to load resource: the server responded with a status of 404 () @ https://dash.cloudflare.com/api/v4/accounts/5def4131bcd4c2f86727fd3ba888db1d/r2/buckets/arni-test/cors:0
[  890983ms] [ERROR] Failed to load resource: the server responded with a status of 404 () @ https://dash.cloudflare.com/api/v4/accounts/5def4131bcd4c2f86727fd3ba888db1d/event_notifications/r2/arni-test/configuration:0
[ 2543808ms] [ERROR] Failed to load resource: the server responded with a status of 403 () @ https://dash.cloudflare.com/api/v4/accounts/5def4131bcd4c2f86727fd3ba888db1d/access/organizations:0
[ 2558601ms] [ERROR] Failed to load resource: the server responded with a status of 403 () @ https://dash.cloudflare.com/api/v4/accounts/5def4131bcd4c2f86727fd3ba888db1d/access/organizations:0
[ 2582613ms] TypeError: Cannot read properties of undefined (reading 'pathname')
    at w (https://dash.cloudflare.com/cf-fc8c6130617a2568.js:3:3022)
    at navigate (https://dash.cloudflare.com/cf-fc8c6130617a2568.js:3:21416)
    at onClick (https://dash.cloudflare.com/cf-fc8c6130617a2568.js:3:20999)
    at Object.eU (https://dash.cloudflare.com/cf-7a558b35d4204b06.js:3:15154)
    at eW (https://dash.cloudflare.com/cf-7a558b35d4204b06.js:3:15308)
    at https://dash.cloudflare.com/cf-7a558b35d4204b06.js:3:33623
    at re (https://dash.cloudflare.com/cf-7a558b35d4204b06.js:3:33722)
    at rn (https://dash.cloudflare.com/cf-7a558b35d4204b06.js:3:34136)
    at https://dash.cloudflare.com/cf-7a558b35d4204b06.js:3:39592
    at oN (https://dash.cloudflare.com/cf-7a558b35d4204b06.js:3:96494)
    at eD (https://dash.cloudflare.com/cf-7a558b35d4204b06.js:3:14295)
    at ro (https://dash.cloudflare.com/cf-7a558b35d4204b06.js:3:35427)
    at nU (https://dash.cloudflare.com/cf-7a558b35d4204b06.js:3:21096)
    at nO (https://dash.cloudflare.com/cf-7a558b35d4204b06.js:3:20880)
    at HTMLDivElement.r (https://dash.cloudflare.com/cf-53ca035891dc6245.js:3:506539)
[ 2582930ms] [ERROR] Failed to load resource: the server responded with a status of 500 () @ https://platform.dash.cloudflare.com/sentry/envelope:0
[ 2631200ms] [ERROR] Failed to load resource: the server responded with a status of 403 () @ https://dash.cloudflare.com/api/v4/accounts/5def4131bcd4c2f86727fd3ba888db1d/access/organizations:0
[ 2631512ms] [ERROR] Failed to load resource: the server responded with a status of 403 () @ https://dash.cloudflare.com/api/v4/accounts/5def4131bcd4c2f86727fd3ba888db1d/access/organizations:0
[ 2696183ms] TypeError: Cannot read properties of undefined (reading 'pathname')
    at w (https://dash.cloudflare.com/cf-fc8c6130617a2568.js:3:3022)
    at navigate (https://dash.cloudflare.com/cf-fc8c6130617a2568.js:3:21416)
    at onClick (https://dash.cloudflare.com/cf-fc8c6130617a2568.js:3:20999)
    at Object.eU (https://dash.cloudflare.com/cf-7a558b35d4204b06.js:3:15154)
    at eW (https://dash.cloudflare.com/cf-7a558b35d4204b06.js:3:15308)
    at https://dash.cloudflare.com/cf-7a558b35d4204b06.js:3:33623
    at re (https://dash.cloudflare.com/cf-7a558b35d4204b06.js:3:33722)
    at rn (https://dash.cloudflare.com/cf-7a558b35d4204b06.js:3:34136)
    at https://dash.cloudflare.com/cf-7a558b35d4204b06.js:3:39592
    at oN (https://dash.cloudflare.com/cf-7a558b35d4204b06.js:3:96494)
    at eD (https://dash.cloudflare.com/cf-7a558b35d4204b06.js:3:14295)
    at ro (https://dash.cloudflare.com/cf-7a558b35d4204b06.js:3:35427)
    at nU (https://dash.cloudflare.com/cf-7a558b35d4204b06.js:3:21096)
    at nO (https://dash.cloudflare.com/cf-7a558b35d4204b06.js:3:20880)
    at HTMLDivElement.r (https://dash.cloudflare.com/cf-53ca035891dc6245.js:3:506539)
